[debug] [2024-02-14T13:14:09.277Z] ----------------------------------------------------------------------
[debug] [2024-02-14T13:14:09.278Z] Command:       C:\Users\chenp\AppData\Local\nvs\default\node.exe C:\Users\chenp\AppData\Local\nvs\default\node_modules\firebase-tools\lib\bin\firebase.js init
[debug] [2024-02-14T13:14:09.279Z] CLI Version:   13.0.1
[debug] [2024-02-14T13:14:09.279Z] Platform:      win32
[debug] [2024-02-14T13:14:09.279Z] Node Version:  v20.10.0
[debug] [2024-02-14T13:14:09.279Z] Time:          Wed Feb 14 2024 15:14:09 GMT+0200 (שעון ישראל (חורף))
[debug] [2024-02-14T13:14:09.279Z] ----------------------------------------------------------------------
[debug] 
[debug] [2024-02-14T13:14:09.322Z] > command requires scopes: ["email","openid","https://www.googleapis.com/auth/cloudplatformprojects.readonly","https://www.googleapis.com/auth/firebase","https://www.googleapis.com/auth/cloud-platform"]
[debug] [2024-02-14T13:14:09.322Z] > authorizing via signed-in user (chenpeleg@gmail.com)
[info] 
     ######## #### ########  ######## ########     ###     ######  ########
     ##        ##  ##     ## ##       ##     ##  ##   ##  ##       ##
     ######    ##  ########  ######   ########  #########  ######  ######
     ##        ##  ##    ##  ##       ##     ## ##     ##       ## ##
     ##       #### ##     ## ######## ########  ##     ##  ######  ########

You're about to initialize a Firebase project in this directory:

  C:\Projects\Sidur

Before we get started, keep in mind:

  * You are currently outside your home directory
  * You are initializing within an existing Firebase project directory

